<?xml version="1.0" encoding="UTF-8"?>
<!-- Generated by org.testng.reporters.JUnitReportReporter -->
<testsuite skipped="0" hostname="Rohiths-MacBook-Pro.local" name="baseTest.test1" tests="1" failures="0" timestamp="2022-04-26T12:13:46 IST" time="22.239" errors="0">
  <testcase name="testUntitled" time="22.239" classname="baseTest.test1"/>
  <system-out/>
</testsuite> <!-- baseTest.test1 -->
