<?xml version="1.0" encoding="UTF-8"?>
<!-- Generated by org.testng.reporters.JUnitReportReporter -->
<testsuite skipped="0" hostname="Rohiths-MacBook-Pro.local" name="tests.Test1" tests="1" failures="0" timestamp="2022-04-26T14:25:54 IST" time="4.381" errors="0">
  <testcase name="Home" time="4.381" classname="tests.Test1"/>
  <system-out/>
</testsuite> <!-- tests.Test1 -->
